0 info it worked if it ends with ok
1 verbose cli [ '/usr/local/bin/node',
1 verbose cli   '/usr/local/bin/npm',
1 verbose cli   'install',
1 verbose cli   'BlackrockDigital/startbootstrap-creative' ]
2 info using npm@3.8.5
3 info using node@v5.10.1
4 silly loadCurrentTree Starting
5 silly install loadCurrentTree
6 silly install readLocalPackageData
7 silly fetchPackageMetaData BlackrockDigital/startbootstrap-creative
8 silly fetchOtherPackageData BlackrockDigital/startbootstrap-creative
9 silly cache add args [ 'BlackrockDigital/startbootstrap-creative', null ]
10 verbose cache add spec BlackrockDigital/startbootstrap-creative
11 silly cache add parsed spec Result {
11 silly cache add   raw: 'BlackrockDigital/startbootstrap-creative',
11 silly cache add   scope: null,
11 silly cache add   name: null,
11 silly cache add   rawSpec: 'BlackrockDigital/startbootstrap-creative',
11 silly cache add   spec: 'github:blackrockdigital/startbootstrap-creative',
11 silly cache add   type: 'hosted',
11 silly cache add   hosted:
11 silly cache add    { type: 'github',
11 silly cache add      ssh: 'git@github.com:blackrockdigital/startbootstrap-creative.git',
11 silly cache add      sshUrl: 'git+ssh://git@github.com/blackrockdigital/startbootstrap-creative.git',
11 silly cache add      httpsUrl: 'git+https://github.com/blackrockdigital/startbootstrap-creative.git',
11 silly cache add      gitUrl: 'git://github.com/blackrockdigital/startbootstrap-creative.git',
11 silly cache add      shortcut: 'github:blackrockdigital/startbootstrap-creative',
11 silly cache add      directUrl: 'https://raw.githubusercontent.com/blackrockdigital/startbootstrap-creative/master/package.json' } }
12 verbose addRemoteGit caching BlackrockDigital/startbootstrap-creative
13 verbose addRemoteGit blackrockdigital/startbootstrap-creative is a repository hosted by github
14 silly tryGitProto attempting to clone git://github.com/blackrockdigital/startbootstrap-creative.git
15 silly tryClone cloning blackrockdigital/startbootstrap-creative via git://github.com/blackrockdigital/startbootstrap-creative.git
16 verbose tryClone git-github-com-blackrockdigital-startbootstrap-creative-git-0f9ff9b5 not in flight; caching
17 verbose correctMkdir /home/q/.npm/_git-remotes correctMkdir not in flight; initializing
18 info git [ 'config', '--get', 'remote.origin.url' ]
19 silly validateExistingRemote blackrockdigital/startbootstrap-creative remote.origin.url: git://github.com/blackrockdigital/startbootstrap-creative.git
20 verbose validateExistingRemote blackrockdigital/startbootstrap-creative is updating existing cached remote /home/q/.npm/_git-remotes/git-github-com-blackrockdigital-startbootstrap-creative-git-0f9ff9b5
21 info git [ 'fetch', '-a', 'origin' ]
22 verbose updateRemote git fetch -a origin (git://github.com/blackrockdigital/startbootstrap-creative.git)
23 verbose correctMkdir /home/q/.npm/_git-remotes correctMkdir not in flight; initializing
24 verbose setPermissions blackrockdigital/startbootstrap-creative set permissions on /home/q/.npm/_git-remotes/git-github-com-blackrockdigital-startbootstrap-creative-git-0f9ff9b5
25 verbose resolveHead blackrockdigital/startbootstrap-creative original treeish: master
26 info git [ 'rev-list', '-n1', 'master' ]
27 silly resolveHead blackrockdigital/startbootstrap-creative resolved treeish: c954efef1da44bcdcd76350c421061b8a1dca019
28 verbose resolveHead blackrockdigital/startbootstrap-creative resolved Git URL: git://github.com/blackrockdigital/startbootstrap-creative.git#c954efef1da44bcdcd76350c421061b8a1dca019
29 silly resolveHead Git working directory: /tmp/npm-16192-c73dcce5/git-cache-35010bb4/c954efef1da44bcdcd76350c421061b8a1dca019
30 info git [ 'clone',
30 info git   '/home/q/.npm/_git-remotes/git-github-com-blackrockdigital-startbootstrap-creative-git-0f9ff9b5',
30 info git   '/tmp/npm-16192-c73dcce5/git-cache-35010bb4/c954efef1da44bcdcd76350c421061b8a1dca019' ]
31 verbose cloneResolved blackrockdigital/startbootstrap-creative clone Cloning into '/tmp/npm-16192-c73dcce5/git-cache-35010bb4/c954efef1da44bcdcd76350c421061b8a1dca019'...
31 verbose cloneResolved done.
32 info git [ 'checkout', 'c954efef1da44bcdcd76350c421061b8a1dca019' ]
33 verbose checkoutTreeish blackrockdigital/startbootstrap-creative checkout Note: checking out 'c954efef1da44bcdcd76350c421061b8a1dca019'.
33 verbose checkoutTreeish
33 verbose checkoutTreeish You are in 'detached HEAD' state. You can look around, make experimental
33 verbose checkoutTreeish changes and commit them, and you can discard any commits you make in this
33 verbose checkoutTreeish state without impacting any branches by performing another checkout.
33 verbose checkoutTreeish
33 verbose checkoutTreeish If you want to create a new branch to retain commits you create, you may
33 verbose checkoutTreeish do so (now or later) by using -b with the checkout command again. Example:
33 verbose checkoutTreeish
33 verbose checkoutTreeish   git checkout -b <new-branch-name>
33 verbose checkoutTreeish
33 verbose checkoutTreeish HEAD is now at c954efe... Initial commit
34 info git [ 'submodule', '-q', 'update', '--init', '--recursive' ]
35 verbose updateSubmodules blackrockdigital/startbootstrap-creative submodule update
36 error addLocal Could not install /tmp/npm-16192-c73dcce5/git-cache-35010bb4/c954efef1da44bcdcd76350c421061b8a1dca019
37 silly tryHTTPS attempting to clone git+https://github.com/blackrockdigital/startbootstrap-creative.git
38 silly tryClone cloning blackrockdigital/startbootstrap-creative via git+https://github.com/blackrockdigital/startbootstrap-creative.git
39 verbose tryClone git-https-github-com-blackrockdigital-startbootstrap-creative-git-27f1bcaf not in flight; caching
40 verbose correctMkdir /home/q/.npm/_git-remotes correctMkdir not in flight; initializing
41 info git [ 'config', '--get', 'remote.origin.url' ]
42 silly validateExistingRemote blackrockdigital/startbootstrap-creative remote.origin.url: https://github.com/blackrockdigital/startbootstrap-creative.git
43 verbose validateExistingRemote blackrockdigital/startbootstrap-creative is updating existing cached remote /home/q/.npm/_git-remotes/git-https-github-com-blackrockdigital-startbootstrap-creative-git-27f1bcaf
44 info git [ 'fetch', '-a', 'origin' ]
45 verbose updateRemote git fetch -a origin (https://github.com/blackrockdigital/startbootstrap-creative.git)
46 verbose correctMkdir /home/q/.npm/_git-remotes correctMkdir not in flight; initializing
47 verbose setPermissions blackrockdigital/startbootstrap-creative set permissions on /home/q/.npm/_git-remotes/git-https-github-com-blackrockdigital-startbootstrap-creative-git-27f1bcaf
48 verbose resolveHead blackrockdigital/startbootstrap-creative original treeish: master
49 info git [ 'rev-list', '-n1', 'master' ]
50 silly resolveHead blackrockdigital/startbootstrap-creative resolved treeish: c954efef1da44bcdcd76350c421061b8a1dca019
51 verbose resolveHead blackrockdigital/startbootstrap-creative resolved Git URL: git+https://github.com/blackrockdigital/startbootstrap-creative.git#c954efef1da44bcdcd76350c421061b8a1dca019
52 silly resolveHead Git working directory: /tmp/npm-16192-c73dcce5/git-cache-e27f953a/c954efef1da44bcdcd76350c421061b8a1dca019
53 info git [ 'clone',
53 info git   '/home/q/.npm/_git-remotes/git-https-github-com-blackrockdigital-startbootstrap-creative-git-27f1bcaf',
53 info git   '/tmp/npm-16192-c73dcce5/git-cache-e27f953a/c954efef1da44bcdcd76350c421061b8a1dca019' ]
54 verbose cloneResolved blackrockdigital/startbootstrap-creative clone Cloning into '/tmp/npm-16192-c73dcce5/git-cache-e27f953a/c954efef1da44bcdcd76350c421061b8a1dca019'...
54 verbose cloneResolved done.
55 info git [ 'checkout', 'c954efef1da44bcdcd76350c421061b8a1dca019' ]
56 verbose checkoutTreeish blackrockdigital/startbootstrap-creative checkout Note: checking out 'c954efef1da44bcdcd76350c421061b8a1dca019'.
56 verbose checkoutTreeish
56 verbose checkoutTreeish You are in 'detached HEAD' state. You can look around, make experimental
56 verbose checkoutTreeish changes and commit them, and you can discard any commits you make in this
56 verbose checkoutTreeish state without impacting any branches by performing another checkout.
56 verbose checkoutTreeish
56 verbose checkoutTreeish If you want to create a new branch to retain commits you create, you may
56 verbose checkoutTreeish do so (now or later) by using -b with the checkout command again. Example:
56 verbose checkoutTreeish
56 verbose checkoutTreeish   git checkout -b <new-branch-name>
56 verbose checkoutTreeish
56 verbose checkoutTreeish HEAD is now at c954efe... Initial commit
57 info git [ 'submodule', '-q', 'update', '--init', '--recursive' ]
58 verbose updateSubmodules blackrockdigital/startbootstrap-creative submodule update
59 error addLocal Could not install /tmp/npm-16192-c73dcce5/git-cache-e27f953a/c954efef1da44bcdcd76350c421061b8a1dca019
60 silly trySSH attempting to clone git@github.com:blackrockdigital/startbootstrap-creative.git
61 silly tryClone cloning blackrockdigital/startbootstrap-creative via git@github.com:blackrockdigital/startbootstrap-creative.git
62 verbose tryClone git-github-com-blackrockdigital-startbootstrap-creative-git-0f89d63e not in flight; caching
63 verbose correctMkdir /home/q/.npm/_git-remotes correctMkdir not in flight; initializing
64 info git [ 'config', '--get', 'remote.origin.url' ]
65 silly validateExistingRemote blackrockdigital/startbootstrap-creative remote.origin.url: git@github.com:blackrockdigital/startbootstrap-creative.git
66 verbose validateExistingRemote blackrockdigital/startbootstrap-creative is updating existing cached remote /home/q/.npm/_git-remotes/git-github-com-blackrockdigital-startbootstrap-creative-git-0f89d63e
67 info git [ 'fetch', '-a', 'origin' ]
68 verbose updateRemote git fetch -a origin (git@github.com:blackrockdigital/startbootstrap-creative.git)
69 verbose correctMkdir /home/q/.npm/_git-remotes correctMkdir not in flight; initializing
70 verbose setPermissions blackrockdigital/startbootstrap-creative set permissions on /home/q/.npm/_git-remotes/git-github-com-blackrockdigital-startbootstrap-creative-git-0f89d63e
71 verbose resolveHead blackrockdigital/startbootstrap-creative original treeish: master
72 info git [ 'rev-list', '-n1', 'master' ]
73 silly resolveHead blackrockdigital/startbootstrap-creative resolved treeish: c954efef1da44bcdcd76350c421061b8a1dca019
74 verbose resolveHead blackrockdigital/startbootstrap-creative resolved Git URL: git+ssh://git@github.com/blackrockdigital/startbootstrap-creative.git#c954efef1da44bcdcd76350c421061b8a1dca019
75 silly resolveHead Git working directory: /tmp/npm-16192-c73dcce5/git-cache-65c1cb91/c954efef1da44bcdcd76350c421061b8a1dca019
76 info git [ 'clone',
76 info git   '/home/q/.npm/_git-remotes/git-github-com-blackrockdigital-startbootstrap-creative-git-0f89d63e',
76 info git   '/tmp/npm-16192-c73dcce5/git-cache-65c1cb91/c954efef1da44bcdcd76350c421061b8a1dca019' ]
77 verbose cloneResolved blackrockdigital/startbootstrap-creative clone Cloning into '/tmp/npm-16192-c73dcce5/git-cache-65c1cb91/c954efef1da44bcdcd76350c421061b8a1dca019'...
77 verbose cloneResolved done.
78 info git [ 'checkout', 'c954efef1da44bcdcd76350c421061b8a1dca019' ]
79 verbose checkoutTreeish blackrockdigital/startbootstrap-creative checkout Note: checking out 'c954efef1da44bcdcd76350c421061b8a1dca019'.
79 verbose checkoutTreeish
79 verbose checkoutTreeish You are in 'detached HEAD' state. You can look around, make experimental
79 verbose checkoutTreeish changes and commit them, and you can discard any commits you make in this
79 verbose checkoutTreeish state without impacting any branches by performing another checkout.
79 verbose checkoutTreeish
79 verbose checkoutTreeish If you want to create a new branch to retain commits you create, you may
79 verbose checkoutTreeish do so (now or later) by using -b with the checkout command again. Example:
79 verbose checkoutTreeish
79 verbose checkoutTreeish   git checkout -b <new-branch-name>
79 verbose checkoutTreeish
79 verbose checkoutTreeish HEAD is now at c954efe... Initial commit
80 info git [ 'submodule', '-q', 'update', '--init', '--recursive' ]
81 verbose updateSubmodules blackrockdigital/startbootstrap-creative submodule update
82 error addLocal Could not install /tmp/npm-16192-c73dcce5/git-cache-65c1cb91/c954efef1da44bcdcd76350c421061b8a1dca019
83 silly fetchPackageMetaData Error: EISDIR: illegal operation on a directory, read
83 silly fetchPackageMetaData     at Error (native)
83 silly fetchPackageMetaData  error for BlackrockDigital/startbootstrap-creative { [Error: EISDIR: illegal operation on a directory, read] errno: -21, code: 'EISDIR', syscall: 'read' }
84 silly rollbackFailedOptional Starting
85 silly rollbackFailedOptional Finishing
86 silly runTopLevelLifecycles Starting
87 silly runTopLevelLifecycles Finishing
88 silly install printInstalled
89 verbose stack Error: EISDIR: illegal operation on a directory, read
89 verbose stack     at Error (native)
90 verbose cwd /home/q/code/github/_dev/world_time
91 error Linux 4.2.0-35-generic
92 error argv "/usr/local/bin/node" "/usr/local/bin/npm" "install" "BlackrockDigital/startbootstrap-creative"
93 error node v5.10.1
94 error npm  v3.8.5
95 error code EISDIR
96 error errno -21
97 error syscall read
98 error eisdir EISDIR: illegal operation on a directory, read
99 error eisdir This is most likely not a problem with npm itself
99 error eisdir and is related to npm not being able to find a package.json in
99 error eisdir a package you are trying to install.
100 verbose exit [ -21, true ]
